# JRE version: OpenJDK Runtime Environment (11.0.13) (build 11.0.13+0-b1751.21-8125866)
# Java VM: OpenJDK 64-Bit Server VM (11.0.13+0-b1751.21-8125866, mixed mode, tiered, compressed oops, g1 gc, windows-amd64)
Heap:
 garbage-first heap   total 201728K, used 140761K [0x0000000080000000, 0x0000000100000000)
  region size 1024K, 22 young (22528K), 2 survivors (2048K)
 Metaspace       used 119197K, capacity 122241K, committed 122412K, reserved 1157120K
  class space    used 14607K, capacity 15725K, committed 15744K, reserved 1048576K
GC Heap History (20 events):
Event: 233.270 GC heap before
{Heap before GC invocations=80 (full 0):
 garbage-first heap   total 157696K, used 139449K [0x0000000080000000, 0x0000000100000000)
  region size 1024K, 7 young (7168K), 1 survivors (1024K)
 Metaspace       used 112657K, capacity 115637K, committed 115884K, reserved 1150976K
  class space    used 13876K, capacity 14989K, committed 15104K, reserved 1048576K
}
Event: 233.275 GC heap after
{Heap after GC invocations=81 (full 0):
 garbage-first heap   total 157696K, used 134237K [0x0000000080000000, 0x0000000100000000)
  region size 1024K, 1 young (1024K), 1 survivors (1024K)
 Metaspace       used 112657K, capacity 115637K, committed 115884K, reserved 1150976K
  class space    used 13876K, capacity 14989K, committed 15104K, reserved 1048576K
}
Event: 233.463 GC heap before
{Heap before GC invocations=82 (full 0):
 garbage-first heap   total 157696K, used 140381K [0x0000000080000000, 0x0000000100000000)
  region size 1024K, 7 young (7168K), 1 survivors (1024K)
 Metaspace       used 112847K, capacity 115829K, committed 116140K, reserved 1150976K
  class space    used 13896K, capacity 14989K, committed 15104K, reserved 1048576K
}
Event: 233.468 GC heap after
{Heap after GC invocations=83 (full 0):
 garbage-first heap   total 157696K, used 134799K [0x0000000080000000, 0x0000000100000000)
  region size 1024K, 1 young (1024K), 1 survivors (1024K)
 Metaspace       used 112847K, capacity 115829K, committed 116140K, reserved 1150976K
  class space    used 13896K, capacity 14989K, committed 15104K, reserved 1048576K
}
Event: 233.699 GC heap before
{Heap before GC invocations=83 (full 0):
 garbage-first heap   total 157696K, used 140943K [0x0000000080000000, 0x0000000100000000)
  region size 1024K, 7 young (7168K), 1 survivors (1024K)
 Metaspace       used 112967K, capacity 115957K, committed 116140K, reserved 1150976K
  class space    used 13900K, capacity 14989K, committed 15104K, reserved 1048576K
}
Event: 233.714 GC heap after
{Heap after GC invocations=84 (full 0):
 garbage-first heap   total 157696K, used 123556K [0x0000000080000000, 0x0000000100000000)
  region size 1024K, 1 young (1024K), 1 survivors (1024K)
 Metaspace       used 112967K, capacity 115957K, committed 116140K, reserved 1150976K
  class space    used 13900K, capacity 14989K, committed 15104K, reserved 1048576K
}
Event: 233.857 GC heap before
{Heap before GC invocations=84 (full 0):
 garbage-first heap   total 157696K, used 128676K [0x0000000080000000, 0x0000000100000000)
  region size 1024K, 7 young (7168K), 1 survivors (1024K)
 Metaspace       used 112983K, capacity 115957K, committed 116140K, reserved 1150976K
  class space    used 13901K, capacity 14989K, committed 15104K, reserved 1048576K
}
Event: 233.882 GC heap after
{Heap after GC invocations=85 (full 0):
 garbage-first heap   total 157696K, used 127548K [0x0000000080000000, 0x0000000100000000)
  region size 1024K, 1 young (1024K), 1 survivors (1024K)
 Metaspace       used 112983K, capacity 115957K, committed 116140K, reserved 1150976K
  class space    used 13901K, capacity 14989K, committed 15104K, reserved 1048576K
}
Event: 233.899 GC heap before
{Heap before GC invocations=85 (full 0):
 garbage-first heap   total 157696K, used 127548K [0x0000000080000000, 0x0000000100000000)
  region size 1024K, 2 young (2048K), 1 survivors (1024K)
 Metaspace       used 112984K, capacity 115957K, committed 116140K, reserved 1150976K
  class space    used 13901K, capacity 14989K, committed 15104K, reserved 1048576K
}
Event: 233.908 GC heap after
{Heap after GC invocations=86 (full 0):
 garbage-first heap   total 157696K, used 128967K [0x0000000080000000, 0x0000000100000000)
  region size 1024K, 1 young (1024K), 1 survivors (1024K)
 Metaspace       used 112984K, capacity 115957K, committed 116140K, reserved 1150976K
  class space    used 13901K, capacity 14989K, committed 15104K, reserved 1048576K
}
Event: 234.893 GC heap before
{Heap before GC invocations=87 (full 0):
 garbage-first heap   total 157696K, used 151495K [0x0000000080000000, 0x0000000100000000)
  region size 1024K, 7 young (7168K), 1 survivors (1024K)
 Metaspace       used 113711K, capacity 116710K, committed 116908K, reserved 1150976K
  class space    used 13967K, capacity 15063K, committed 15104K, reserved 1048576K
}
Event: 234.900 GC heap after
{Heap after GC invocations=88 (full 0):
 garbage-first heap   total 157696K, used 132967K [0x0000000080000000, 0x0000000100000000)
  region size 1024K, 1 young (1024K), 1 survivors (1024K)
 Metaspace       used 113711K, capacity 116710K, committed 116908K, reserved 1150976K
  class space    used 13967K, capacity 15063K, committed 15104K, reserved 1048576K
}
Event: 235.192 GC heap before
{Heap before GC invocations=88 (full 0):
 garbage-first heap   total 157696K, used 138087K [0x0000000080000000, 0x0000000100000000)
  region size 1024K, 7 young (7168K), 1 survivors (1024K)
 Metaspace       used 114488K, capacity 117449K, committed 117548K, reserved 1150976K
  class space    used 14046K, capacity 15160K, committed 15232K, reserved 1048576K
}
Event: 235.207 GC heap after
{Heap after GC invocations=89 (full 0):
 garbage-first heap   total 201728K, used 126340K [0x0000000080000000, 0x0000000100000000)
  region size 1024K, 1 young (1024K), 1 survivors (1024K)
 Metaspace       used 114488K, capacity 117449K, committed 117548K, reserved 1150976K
  class space    used 14046K, capacity 15160K, committed 15232K, reserved 1048576K
}
Event: 236.761 GC heap before
{Heap before GC invocations=89 (full 0):
 garbage-first heap   total 201728K, used 148868K [0x0000000080000000, 0x0000000100000000)
  region size 1024K, 24 young (24576K), 1 survivors (1024K)
 Metaspace       used 115191K, capacity 118263K, committed 118444K, reserved 1153024K
  class space    used 14123K, capacity 15237K, committed 15360K, reserved 1048576K
}
Event: 236.767 GC heap after
{Heap after GC invocations=90 (full 0):
 garbage-first heap   total 201728K, used 128066K [0x0000000080000000, 0x0000000100000000)
  region size 1024K, 3 young (3072K), 3 survivors (3072K)
 Metaspace       used 115191K, capacity 118263K, committed 118444K, reserved 1153024K
  class space    used 14123K, capacity 15237K, committed 15360K, reserved 1048576K
}
Event: 238.963 GC heap before
{Heap before GC invocations=90 (full 0):
 garbage-first heap   total 201728K, used 151618K [0x0000000080000000, 0x0000000100000000)
  region size 1024K, 27 young (27648K), 3 survivors (3072K)
 Metaspace       used 115840K, capacity 118849K, committed 118956K, reserved 1153024K
  class space    used 14188K, capacity 15277K, committed 15360K, reserved 1048576K
}
Event: 238.971 GC heap after
{Heap after GC invocations=91 (full 0):
 garbage-first heap   total 201728K, used 129065K [0x0000000080000000, 0x0000000100000000)
  region size 1024K, 3 young (3072K), 3 survivors (3072K)
 Metaspace       used 115840K, capacity 118849K, committed 118956K, reserved 1153024K
  class space    used 14188K, capacity 15277K, committed 15360K, reserved 1048576K
}
Event: 239.694 GC heap before
{Heap before GC invocations=91 (full 0):
 garbage-first heap   total 201728K, used 155689K [0x0000000080000000, 0x0000000100000000)
  region size 1024K, 30 young (30720K), 3 survivors (3072K)
 Metaspace       used 117923K, capacity 120929K, committed 121004K, reserved 1155072K
  class space    used 14470K, capacity 15565K, committed 15616K, reserved 1048576K
}
Event: 239.706 GC heap after
{Heap after GC invocations=92 (full 0):
 garbage-first heap   total 201728K, used 129497K [0x0000000080000000, 0x0000000100000000)
  region size 1024K, 2 young (2048K), 2 survivors (2048K)
 Metaspace       used 117923K, capacity 120929K, committed 121004K, reserved 1155072K
  class space    used 14470K, capacity 15565K, committed 15616K, reserved 1048576K
}

